Log for machine 2 with rate 2 
Internal event; Queue Size: 0; System Time: 2023-03-06 22:47:49.962834; Logical clock: 1 
Received message; Queue Size: 0; System Time: 2023-03-06 22:47:50.463508; Logical clock: 3 
Internal event; Queue Size: 0; System Time: 2023-03-06 22:47:50.965016; Logical clock: 4 
Received message; Queue Size: 0; System Time: 2023-03-06 22:47:51.468600; Logical clock: 7 
Received message; Queue Size: 0; System Time: 2023-03-06 22:47:51.972464; Logical clock: 11 
Send message 3 to port(s) [50897, 50898]; Queue Size: 0; System Time: 2023-03-06 22:47:52.477366; Logical clock: 12 
Internal event; Queue Size: 0; System Time: 2023-03-06 22:47:52.979253; Logical clock: 13 
Received message; Queue Size: 0; System Time: 2023-03-06 22:47:53.484315; Logical clock: 20 
Received message; Queue Size: 0; System Time: 2023-03-06 22:47:53.988460; Logical clock: 22 
Internal event; Queue Size: 0; System Time: 2023-03-06 22:47:54.492795; Logical clock: 23 
Internal event; Queue Size: 0; System Time: 2023-03-06 22:47:54.996118; Logical clock: 24 
Received message; Queue Size: 0; System Time: 2023-03-06 22:47:55.500873; Logical clock: 31 
Internal event; Queue Size: 0; System Time: 2023-03-06 22:47:56.004753; Logical clock: 32 
Send message 1 to port(s) 50897; Queue Size: 0; System Time: 2023-03-06 22:47:56.509334; Logical clock: 33 
Internal event; Queue Size: 0; System Time: 2023-03-06 22:47:57.013717; Logical clock: 34 
Internal event; Queue Size: 0; System Time: 2023-03-06 22:47:57.517176; Logical clock: 35 
Send message 2 to port(s) 50898; Queue Size: 0; System Time: 2023-03-06 22:47:58.021406; Logical clock: 36 
Internal event; Queue Size: 0; System Time: 2023-03-06 22:47:58.526086; Logical clock: 37 
Internal event; Queue Size: 0; System Time: 2023-03-06 22:47:59.029476; Logical clock: 38 
Received message; Queue Size: 0; System Time: 2023-03-06 22:47:59.533027; Logical clock: 53 
Internal event; Queue Size: 0; System Time: 2023-03-06 22:48:00.033174; Logical clock: 54 
Received message; Queue Size: 0; System Time: 2023-03-06 22:48:00.536054; Logical clock: 54 
Received message; Queue Size: 0; System Time: 2023-03-06 22:48:01.039874; Logical clock: 63 
Internal event; Queue Size: 0; System Time: 2023-03-06 22:48:01.543171; Logical clock: 64 
Internal event; Queue Size: 0; System Time: 2023-03-06 22:48:02.047537; Logical clock: 65 
Internal event; Queue Size: 0; System Time: 2023-03-06 22:48:02.549181; Logical clock: 66 
Received message; Queue Size: 1; System Time: 2023-03-06 22:48:03.053826; Logical clock: 74 
Received message; Queue Size: 1; System Time: 2023-03-06 22:48:03.556948; Logical clock: 75 
Received message; Queue Size: 0; System Time: 2023-03-06 22:48:04.057423; Logical clock: 76 
Received message; Queue Size: 1; System Time: 2023-03-06 22:48:04.557530; Logical clock: 82 
Received message; Queue Size: 0; System Time: 2023-03-06 22:48:05.060822; Logical clock: 84 
Internal event; Queue Size: 0; System Time: 2023-03-06 22:48:05.561152; Logical clock: 85 
Internal event; Queue Size: 0; System Time: 2023-03-06 22:48:06.061449; Logical clock: 86 
Send message 2 to port(s) 50898; Queue Size: 0; System Time: 2023-03-06 22:48:06.562179; Logical clock: 87 
Internal event; Queue Size: 0; System Time: 2023-03-06 22:48:07.062289; Logical clock: 88 
Internal event; Queue Size: 0; System Time: 2023-03-06 22:48:07.562849; Logical clock: 89 
Received message; Queue Size: 1; System Time: 2023-03-06 22:48:08.062970; Logical clock: 102 
Received message; Queue Size: 0; System Time: 2023-03-06 22:48:08.565697; Logical clock: 103 
Received message; Queue Size: 0; System Time: 2023-03-06 22:48:09.065847; Logical clock: 110 
Received message; Queue Size: 0; System Time: 2023-03-06 22:48:09.568214; Logical clock: 113 
Received message; Queue Size: 0; System Time: 2023-03-06 22:48:10.072681; Logical clock: 115 
Received message; Queue Size: 1; System Time: 2023-03-06 22:48:10.572886; Logical clock: 117 
Received message; Queue Size: 4; System Time: 2023-03-06 22:48:11.077527; Logical clock: 118 
Received message; Queue Size: 3; System Time: 2023-03-06 22:48:11.578811; Logical clock: 118 
Received message; Queue Size: 2; System Time: 2023-03-06 22:48:12.083455; Logical clock: 120 
Received message; Queue Size: 2; System Time: 2023-03-06 22:48:12.585980; Logical clock: 121 
Received message; Queue Size: 1; System Time: 2023-03-06 22:48:13.089911; Logical clock: 122 
Received message; Queue Size: 1; System Time: 2023-03-06 22:48:13.594828; Logical clock: 129 
Received message; Queue Size: 0; System Time: 2023-03-06 22:48:14.097805; Logical clock: 135 
Internal event; Queue Size: 0; System Time: 2023-03-06 22:48:14.602909; Logical clock: 136 
Received message; Queue Size: 0; System Time: 2023-03-06 22:48:15.103824; Logical clock: 144 
Received message; Queue Size: 0; System Time: 2023-03-06 22:48:15.608448; Logical clock: 149 
Received message; Queue Size: 1; System Time: 2023-03-06 22:48:16.111553; Logical clock: 150 
Received message; Queue Size: 0; System Time: 2023-03-06 22:48:16.616487; Logical clock: 151 
Received message; Queue Size: 0; System Time: 2023-03-06 22:48:17.121208; Logical clock: 157 
Received message; Queue Size: 1; System Time: 2023-03-06 22:48:17.624602; Logical clock: 157 
Received message; Queue Size: 1; System Time: 2023-03-06 22:48:18.128182; Logical clock: 159 
Received message; Queue Size: 1; System Time: 2023-03-06 22:48:18.632651; Logical clock: 159 
Received message; Queue Size: 0; System Time: 2023-03-06 22:48:19.133920; Logical clock: 165 
Received message; Queue Size: 1; System Time: 2023-03-06 22:48:19.637543; Logical clock: 169 
Received message; Queue Size: 1; System Time: 2023-03-06 22:48:20.140934; Logical clock: 171 
Received message; Queue Size: 1; System Time: 2023-03-06 22:48:20.644988; Logical clock: 172 
Received message; Queue Size: 0; System Time: 2023-03-06 22:48:21.149540; Logical clock: 176 
Received message; Queue Size: 0; System Time: 2023-03-06 22:48:21.653657; Logical clock: 183 
Internal event; Queue Size: 0; System Time: 2023-03-06 22:48:22.156490; Logical clock: 184 
Internal event; Queue Size: 0; System Time: 2023-03-06 22:48:22.661529; Logical clock: 185 
Received message; Queue Size: 2; System Time: 2023-03-06 22:48:23.165743; Logical clock: 189 
Received message; Queue Size: 2; System Time: 2023-03-06 22:48:23.669209; Logical clock: 190 
Received message; Queue Size: 2; System Time: 2023-03-06 22:48:24.171025; Logical clock: 191 
Received message; Queue Size: 1; System Time: 2023-03-06 22:48:24.671309; Logical clock: 194 
Received message; Queue Size: 1; System Time: 2023-03-06 22:48:25.173368; Logical clock: 197 
Received message; Queue Size: 1; System Time: 2023-03-06 22:48:25.677716; Logical clock: 203 
Received message; Queue Size: 0; System Time: 2023-03-06 22:48:26.178378; Logical clock: 205 
Received message; Queue Size: 0; System Time: 2023-03-06 22:48:26.682413; Logical clock: 211 
Send message 2 to port(s) 50898; Queue Size: 0; System Time: 2023-03-06 22:48:27.184300; Logical clock: 212 
Received message; Queue Size: 0; System Time: 2023-03-06 22:48:27.688379; Logical clock: 216 
Internal event; Queue Size: 0; System Time: 2023-03-06 22:48:28.192424; Logical clock: 217 
Internal event; Queue Size: 0; System Time: 2023-03-06 22:48:28.693678; Logical clock: 218 
Send message 2 to port(s) 50898; Queue Size: 0; System Time: 2023-03-06 22:48:29.197795; Logical clock: 219 
Received message; Queue Size: 1; System Time: 2023-03-06 22:48:29.701757; Logical clock: 228 
Received message; Queue Size: 0; System Time: 2023-03-06 22:48:30.205774; Logical clock: 230 
Internal event; Queue Size: 0; System Time: 2023-03-06 22:48:30.707596; Logical clock: 231 
Internal event; Queue Size: 0; System Time: 2023-03-06 22:48:31.210965; Logical clock: 232 
Received message; Queue Size: 0; System Time: 2023-03-06 22:48:31.715048; Logical clock: 242 
Internal event; Queue Size: 0; System Time: 2023-03-06 22:48:32.218965; Logical clock: 243 
Received message; Queue Size: 0; System Time: 2023-03-06 22:48:32.720285; Logical clock: 247 
Internal event; Queue Size: 0; System Time: 2023-03-06 22:48:33.220427; Logical clock: 248 
Received message; Queue Size: 0; System Time: 2023-03-06 22:48:33.722984; Logical clock: 252 
Send message 1 to port(s) 50897; Queue Size: 0; System Time: 2023-03-06 22:48:34.227107; Logical clock: 253 
Received message; Queue Size: 0; System Time: 2023-03-06 22:48:34.730543; Logical clock: 255 
Internal event; Queue Size: 0; System Time: 2023-03-06 22:48:35.233835; Logical clock: 256 
Internal event; Queue Size: 0; System Time: 2023-03-06 22:48:35.733946; Logical clock: 257 
Internal event; Queue Size: 0; System Time: 2023-03-06 22:48:36.236897; Logical clock: 258 
Received message; Queue Size: 0; System Time: 2023-03-06 22:48:36.741487; Logical clock: 269 
Send message 3 to port(s) [50897, 50898]; Queue Size: 0; System Time: 2023-03-06 22:48:37.243245; Logical clock: 270 
Received message; Queue Size: 0; System Time: 2023-03-06 22:48:37.745301; Logical clock: 274 
Internal event; Queue Size: 0; System Time: 2023-03-06 22:48:38.248891; Logical clock: 275 
Received message; Queue Size: 0; System Time: 2023-03-06 22:48:38.752640; Logical clock: 279 
Received message; Queue Size: 0; System Time: 2023-03-06 22:48:39.256293; Logical clock: 283 
Received message; Queue Size: 0; System Time: 2023-03-06 22:48:39.760391; Logical clock: 284 
Internal event; Queue Size: 0; System Time: 2023-03-06 22:48:40.264548; Logical clock: 285 
Internal event; Queue Size: 0; System Time: 2023-03-06 22:48:40.768533; Logical clock: 286 
Received message; Queue Size: 0; System Time: 2023-03-06 22:48:41.269929; Logical clock: 295 
Received message; Queue Size: 0; System Time: 2023-03-06 22:48:41.773653; Logical clock: 296 
Internal event; Queue Size: 0; System Time: 2023-03-06 22:48:42.277745; Logical clock: 297 
Received message; Queue Size: 0; System Time: 2023-03-06 22:48:42.779109; Logical clock: 303 
Send message 1 to port(s) 50897; Queue Size: 0; System Time: 2023-03-06 22:48:43.283243; Logical clock: 304 
Internal event; Queue Size: 0; System Time: 2023-03-06 22:48:43.787131; Logical clock: 305 
Internal event; Queue Size: 0; System Time: 2023-03-06 22:48:44.288425; Logical clock: 306 
Received message; Queue Size: 0; System Time: 2023-03-06 22:48:44.792624; Logical clock: 315 
Internal event; Queue Size: 0; System Time: 2023-03-06 22:48:45.294259; Logical clock: 316 
Received message; Queue Size: 0; System Time: 2023-03-06 22:48:45.796023; Logical clock: 320 
Received message; Queue Size: 0; System Time: 2023-03-06 22:48:46.300668; Logical clock: 323 
Internal event; Queue Size: 0; System Time: 2023-03-06 22:48:46.803946; Logical clock: 324 
Received message; Queue Size: 0; System Time: 2023-03-06 22:48:47.306250; Logical clock: 324 
Internal event; Queue Size: 0; System Time: 2023-03-06 22:48:47.810061; Logical clock: 325 
Send message 1 to port(s) 50897; Queue Size: 0; System Time: 2023-03-06 22:48:48.313430; Logical clock: 326 
Received message; Queue Size: 0; System Time: 2023-03-06 22:48:48.817467; Logical clock: 337 
Received message; Queue Size: 0; System Time: 2023-03-06 22:48:49.321233; Logical clock: 340 
Received message; Queue Size: 0; System Time: 2023-03-06 22:48:49.822432; Logical clock: 341 
Received message; Queue Size: 2; System Time: 2023-03-06 22:48:50.325337; Logical clock: 341 
Received message; Queue Size: 2; System Time: 2023-03-06 22:48:50.827951; Logical clock: 345 
Received message; Queue Size: 2; System Time: 2023-03-06 22:48:51.331290; Logical clock: 346 
Received message; Queue Size: 1; System Time: 2023-03-06 22:48:51.835240; Logical clock: 347 
Received message; Queue Size: 1; System Time: 2023-03-06 22:48:52.339317; Logical clock: 350 
