Log for machine 3 with rate 2 
Internal event; Queue Size: 0; System Time: 2023-03-06 22:47:49.969083; Logical clock: 1 
Received message; Queue Size: 0; System Time: 2023-03-06 22:47:50.470609; Logical clock: 3 
Received message; Queue Size: 0; System Time: 2023-03-06 22:47:50.972044; Logical clock: 4 
Received message; Queue Size: 0; System Time: 2023-03-06 22:47:51.472167; Logical clock: 9 
Received message; Queue Size: 0; System Time: 2023-03-06 22:47:51.972444; Logical clock: 11 
Internal event; Queue Size: 0; System Time: 2023-03-06 22:47:52.477168; Logical clock: 12 
Received message; Queue Size: 1; System Time: 2023-03-06 22:47:52.979196; Logical clock: 12 
Received message; Queue Size: 0; System Time: 2023-03-06 22:47:53.484339; Logical clock: 16 
Received message; Queue Size: 0; System Time: 2023-03-06 22:47:53.988397; Logical clock: 22 
Received message; Queue Size: 0; System Time: 2023-03-06 22:47:54.492782; Logical clock: 24 
Internal event; Queue Size: 0; System Time: 2023-03-06 22:47:54.996136; Logical clock: 25 
Received message; Queue Size: 1; System Time: 2023-03-06 22:47:55.500873; Logical clock: 30 
Received message; Queue Size: 0; System Time: 2023-03-06 22:47:56.004762; Logical clock: 31 
Internal event; Queue Size: 0; System Time: 2023-03-06 22:47:56.509208; Logical clock: 32 
Internal event; Queue Size: 0; System Time: 2023-03-06 22:47:57.013718; Logical clock: 33 
Received message; Queue Size: 0; System Time: 2023-03-06 22:47:57.517180; Logical clock: 42 
Received message; Queue Size: 0; System Time: 2023-03-06 22:47:58.021228; Logical clock: 45 
Received message; Queue Size: 0; System Time: 2023-03-06 22:47:58.526085; Logical clock: 45 
Internal event; Queue Size: 0; System Time: 2023-03-06 22:47:59.029554; Logical clock: 46 
Internal event; Queue Size: 0; System Time: 2023-03-06 22:47:59.533035; Logical clock: 47 
Send message 3 to port(s) [50899, 50900]; Queue Size: 0; System Time: 2023-03-06 22:48:00.033250; Logical clock: 48 
Internal event; Queue Size: 0; System Time: 2023-03-06 22:48:00.536055; Logical clock: 49 
Received message; Queue Size: 1; System Time: 2023-03-06 22:48:01.039946; Logical clock: 62 
Received message; Queue Size: 0; System Time: 2023-03-06 22:48:01.543169; Logical clock: 63 
Internal event; Queue Size: 0; System Time: 2023-03-06 22:48:02.047520; Logical clock: 64 
Internal event; Queue Size: 0; System Time: 2023-03-06 22:48:02.549174; Logical clock: 65 
Received message; Queue Size: 2; System Time: 2023-03-06 22:48:03.053824; Logical clock: 73 
Received message; Queue Size: 2; System Time: 2023-03-06 22:48:03.556966; Logical clock: 74 
Received message; Queue Size: 1; System Time: 2023-03-06 22:48:04.057422; Logical clock: 75 
Received message; Queue Size: 2; System Time: 2023-03-06 22:48:04.557549; Logical clock: 77 
Received message; Queue Size: 2; System Time: 2023-03-06 22:48:05.060821; Logical clock: 83 
Received message; Queue Size: 1; System Time: 2023-03-06 22:48:05.561150; Logical clock: 84 
Received message; Queue Size: 1; System Time: 2023-03-06 22:48:06.061464; Logical clock: 86 
Received message; Queue Size: 0; System Time: 2023-03-06 22:48:06.562076; Logical clock: 93 
Received message; Queue Size: 0; System Time: 2023-03-06 22:48:07.062286; Logical clock: 93 
Received message; Queue Size: 1; System Time: 2023-03-06 22:48:07.562840; Logical clock: 99 
Received message; Queue Size: 0; System Time: 2023-03-06 22:48:08.062969; Logical clock: 100 
Internal event; Queue Size: 0; System Time: 2023-03-06 22:48:08.565681; Logical clock: 101 
Received message; Queue Size: 0; System Time: 2023-03-06 22:48:09.065823; Logical clock: 110 
Received message; Queue Size: 0; System Time: 2023-03-06 22:48:09.568218; Logical clock: 113 
Internal event; Queue Size: 0; System Time: 2023-03-06 22:48:10.072684; Logical clock: 114 
Send message 2 to port(s) 50900; Queue Size: 0; System Time: 2023-03-06 22:48:10.573085; Logical clock: 115 
Received message; Queue Size: 1; System Time: 2023-03-06 22:48:11.077540; Logical clock: 120 
Received message; Queue Size: 0; System Time: 2023-03-06 22:48:11.578811; Logical clock: 121 
Received message; Queue Size: 0; System Time: 2023-03-06 22:48:12.083457; Logical clock: 127 
Received message; Queue Size: 2; System Time: 2023-03-06 22:48:12.585983; Logical clock: 129 
Received message; Queue Size: 1; System Time: 2023-03-06 22:48:13.089913; Logical clock: 130 
Received message; Queue Size: 1; System Time: 2023-03-06 22:48:13.594833; Logical clock: 131 
Received message; Queue Size: 1; System Time: 2023-03-06 22:48:14.097804; Logical clock: 135 
Received message; Queue Size: 1; System Time: 2023-03-06 22:48:14.602910; Logical clock: 138 
Received message; Queue Size: 1; System Time: 2023-03-06 22:48:15.103822; Logical clock: 143 
Received message; Queue Size: 0; System Time: 2023-03-06 22:48:15.608421; Logical clock: 144 
Received message; Queue Size: 0; System Time: 2023-03-06 22:48:16.111572; Logical clock: 150 
Internal event; Queue Size: 0; System Time: 2023-03-06 22:48:16.616480; Logical clock: 151 
Send message 2 to port(s) 50900; Queue Size: 0; System Time: 2023-03-06 22:48:17.121256; Logical clock: 152 
Send message 3 to port(s) [50899, 50900]; Queue Size: 0; System Time: 2023-03-06 22:48:17.624688; Logical clock: 153 
Received message; Queue Size: 0; System Time: 2023-03-06 22:48:18.128183; Logical clock: 162 
Internal event; Queue Size: 0; System Time: 2023-03-06 22:48:18.632608; Logical clock: 163 
Received message; Queue Size: 0; System Time: 2023-03-06 22:48:19.133921; Logical clock: 167 
Received message; Queue Size: 0; System Time: 2023-03-06 22:48:19.637538; Logical clock: 171 
Received message; Queue Size: 0; System Time: 2023-03-06 22:48:20.140912; Logical clock: 172 
Internal event; Queue Size: 0; System Time: 2023-03-06 22:48:20.645029; Logical clock: 173 
Received message; Queue Size: 0; System Time: 2023-03-06 22:48:21.149539; Logical clock: 178 
Send message 1 to port(s) 50899; Queue Size: 0; System Time: 2023-03-06 22:48:21.653806; Logical clock: 179 
Internal event; Queue Size: 0; System Time: 2023-03-06 22:48:22.156482; Logical clock: 180 
Received message; Queue Size: 0; System Time: 2023-03-06 22:48:22.661524; Logical clock: 188 
Received message; Queue Size: 1; System Time: 2023-03-06 22:48:23.165726; Logical clock: 189 
Received message; Queue Size: 2; System Time: 2023-03-06 22:48:23.669210; Logical clock: 191 
Received message; Queue Size: 2; System Time: 2023-03-06 22:48:24.171023; Logical clock: 193 
Received message; Queue Size: 2; System Time: 2023-03-06 22:48:24.671356; Logical clock: 194 
Received message; Queue Size: 3; System Time: 2023-03-06 22:48:25.173372; Logical clock: 197 
Received message; Queue Size: 3; System Time: 2023-03-06 22:48:25.677672; Logical clock: 200 
Received message; Queue Size: 2; System Time: 2023-03-06 22:48:26.178379; Logical clock: 201 
Received message; Queue Size: 2; System Time: 2023-03-06 22:48:26.682412; Logical clock: 203 
Received message; Queue Size: 2; System Time: 2023-03-06 22:48:27.184231; Logical clock: 205 
Received message; Queue Size: 2; System Time: 2023-03-06 22:48:27.688389; Logical clock: 210 
Received message; Queue Size: 2; System Time: 2023-03-06 22:48:28.192418; Logical clock: 214 
Received message; Queue Size: 2; System Time: 2023-03-06 22:48:28.693642; Logical clock: 214 
Received message; Queue Size: 1; System Time: 2023-03-06 22:48:29.197763; Logical clock: 219 
Received message; Queue Size: 2; System Time: 2023-03-06 22:48:29.701760; Logical clock: 222 
Received message; Queue Size: 2; System Time: 2023-03-06 22:48:30.205686; Logical clock: 222 
Received message; Queue Size: 1; System Time: 2023-03-06 22:48:30.707587; Logical clock: 230 
Received message; Queue Size: 1; System Time: 2023-03-06 22:48:31.210959; Logical clock: 233 
Received message; Queue Size: 1; System Time: 2023-03-06 22:48:31.715032; Logical clock: 239 
Received message; Queue Size: 0; System Time: 2023-03-06 22:48:32.218962; Logical clock: 242 
Received message; Queue Size: 0; System Time: 2023-03-06 22:48:32.720286; Logical clock: 247 
Internal event; Queue Size: 0; System Time: 2023-03-06 22:48:33.220428; Logical clock: 248 
Received message; Queue Size: 0; System Time: 2023-03-06 22:48:33.722982; Logical clock: 254 
Send message 2 to port(s) 50900; Queue Size: 0; System Time: 2023-03-06 22:48:34.227096; Logical clock: 255 
Received message; Queue Size: 0; System Time: 2023-03-06 22:48:34.730530; Logical clock: 259 
Internal event; Queue Size: 0; System Time: 2023-03-06 22:48:35.233779; Logical clock: 260 
Internal event; Queue Size: 0; System Time: 2023-03-06 22:48:35.733949; Logical clock: 261 
Send message 1 to port(s) 50899; Queue Size: 0; System Time: 2023-03-06 22:48:36.236975; Logical clock: 262 
Internal event; Queue Size: 0; System Time: 2023-03-06 22:48:36.741527; Logical clock: 263 
Internal event; Queue Size: 0; System Time: 2023-03-06 22:48:37.243104; Logical clock: 264 
Received message; Queue Size: 1; System Time: 2023-03-06 22:48:37.745303; Logical clock: 270 
Received message; Queue Size: 0; System Time: 2023-03-06 22:48:38.248882; Logical clock: 274 
Internal event; Queue Size: 0; System Time: 2023-03-06 22:48:38.752651; Logical clock: 275 
Received message; Queue Size: 1; System Time: 2023-03-06 22:48:39.256326; Logical clock: 281 
Received message; Queue Size: 1; System Time: 2023-03-06 22:48:39.760388; Logical clock: 282 
Received message; Queue Size: 0; System Time: 2023-03-06 22:48:40.264541; Logical clock: 286 
Received message; Queue Size: 1; System Time: 2023-03-06 22:48:40.768581; Logical clock: 290 
Received message; Queue Size: 1; System Time: 2023-03-06 22:48:41.269947; Logical clock: 292 
Received message; Queue Size: 1; System Time: 2023-03-06 22:48:41.773656; Logical clock: 295 
Received message; Queue Size: 0; System Time: 2023-03-06 22:48:42.277740; Logical clock: 296 
Internal event; Queue Size: 0; System Time: 2023-03-06 22:48:42.779114; Logical clock: 297 
Internal event; Queue Size: 0; System Time: 2023-03-06 22:48:43.283183; Logical clock: 298 
Internal event; Queue Size: 0; System Time: 2023-03-06 22:48:43.787128; Logical clock: 299 
Received message; Queue Size: 0; System Time: 2023-03-06 22:48:44.288407; Logical clock: 310 
Received message; Queue Size: 0; System Time: 2023-03-06 22:48:44.792619; Logical clock: 313 
Received message; Queue Size: 0; System Time: 2023-03-06 22:48:45.294261; Logical clock: 318 
Received message; Queue Size: 0; System Time: 2023-03-06 22:48:45.796022; Logical clock: 319 
Received message; Queue Size: 0; System Time: 2023-03-06 22:48:46.300666; Logical clock: 323 
Send message 3 to port(s) [50899, 50900]; Queue Size: 0; System Time: 2023-03-06 22:48:46.804042; Logical clock: 324 
Internal event; Queue Size: 0; System Time: 2023-03-06 22:48:47.306256; Logical clock: 325 
Received message; Queue Size: 0; System Time: 2023-03-06 22:48:47.810056; Logical clock: 330 
Received message; Queue Size: 0; System Time: 2023-03-06 22:48:48.313309; Logical clock: 333 
Received message; Queue Size: 0; System Time: 2023-03-06 22:48:48.817389; Logical clock: 337 
Received message; Queue Size: 0; System Time: 2023-03-06 22:48:49.321216; Logical clock: 338 
Send message 2 to port(s) 50900; Queue Size: 0; System Time: 2023-03-06 22:48:49.822548; Logical clock: 339 
Received message; Queue Size: 1; System Time: 2023-03-06 22:48:50.325337; Logical clock: 344 
Received message; Queue Size: 0; System Time: 2023-03-06 22:48:50.827951; Logical clock: 345 
Internal event; Queue Size: 0; System Time: 2023-03-06 22:48:51.331288; Logical clock: 346 
Internal event; Queue Size: 0; System Time: 2023-03-06 22:48:51.835244; Logical clock: 347 
Received message; Queue Size: 0; System Time: 2023-03-06 22:48:52.339281; Logical clock: 357 
