Log for machine 3 with rate 2 
Send message 2 to port(s) 51460; Queue Size: 0; System Time: 2023-03-06 22:56:30.942024; Logical clock: 1 
Internal event; Queue Size: 0; System Time: 2023-03-06 22:56:31.442064; Logical clock: 2 
Internal event; Queue Size: 0; System Time: 2023-03-06 22:56:31.942904; Logical clock: 3 
Internal event; Queue Size: 0; System Time: 2023-03-06 22:56:32.444932; Logical clock: 4 
Internal event; Queue Size: 0; System Time: 2023-03-06 22:56:32.948061; Logical clock: 5 
Internal event; Queue Size: 0; System Time: 2023-03-06 22:56:33.453154; Logical clock: 6 
Internal event; Queue Size: 0; System Time: 2023-03-06 22:56:33.955533; Logical clock: 7 
Send message 2 to port(s) 51460; Queue Size: 0; System Time: 2023-03-06 22:56:34.455764; Logical clock: 8 
Received message; Queue Size: 0; System Time: 2023-03-06 22:56:34.959554; Logical clock: 8 
Internal event; Queue Size: 0; System Time: 2023-03-06 22:56:35.463958; Logical clock: 9 
Send message 2 to port(s) 51460; Queue Size: 0; System Time: 2023-03-06 22:56:35.968557; Logical clock: 10 
Internal event; Queue Size: 0; System Time: 2023-03-06 22:56:36.471664; Logical clock: 11 
Internal event; Queue Size: 0; System Time: 2023-03-06 22:56:36.974534; Logical clock: 12 
Internal event; Queue Size: 0; System Time: 2023-03-06 22:56:37.479362; Logical clock: 13 
Received message; Queue Size: 0; System Time: 2023-03-06 22:56:37.979899; Logical clock: 13 
Send message 1 to port(s) 51458; Queue Size: 0; System Time: 2023-03-06 22:56:38.482405; Logical clock: 14 
Internal event; Queue Size: 0; System Time: 2023-03-06 22:56:38.986795; Logical clock: 15 
Internal event; Queue Size: 0; System Time: 2023-03-06 22:56:39.490333; Logical clock: 16 
Internal event; Queue Size: 0; System Time: 2023-03-06 22:56:39.991442; Logical clock: 17 
Send message 1 to port(s) 51458; Queue Size: 0; System Time: 2023-03-06 22:56:40.493322; Logical clock: 18 
Internal event; Queue Size: 0; System Time: 2023-03-06 22:56:40.997764; Logical clock: 19 
Internal event; Queue Size: 0; System Time: 2023-03-06 22:56:41.500731; Logical clock: 20 
Internal event; Queue Size: 0; System Time: 2023-03-06 22:56:42.003745; Logical clock: 21 
Internal event; Queue Size: 0; System Time: 2023-03-06 22:56:42.507928; Logical clock: 22 
Received message; Queue Size: 0; System Time: 2023-03-06 22:56:43.012404; Logical clock: 22 
Send message 1 to port(s) 51458; Queue Size: 0; System Time: 2023-03-06 22:56:43.515546; Logical clock: 23 
Internal event; Queue Size: 0; System Time: 2023-03-06 22:56:44.019526; Logical clock: 24 
Internal event; Queue Size: 0; System Time: 2023-03-06 22:56:44.523475; Logical clock: 25 
Internal event; Queue Size: 0; System Time: 2023-03-06 22:56:45.025862; Logical clock: 26 
Internal event; Queue Size: 0; System Time: 2023-03-06 22:56:45.526066; Logical clock: 27 
Received message; Queue Size: 0; System Time: 2023-03-06 22:56:46.030073; Logical clock: 27 
Send message 1 to port(s) 51458; Queue Size: 0; System Time: 2023-03-06 22:56:46.533281; Logical clock: 28 
Send message 1 to port(s) 51458; Queue Size: 0; System Time: 2023-03-06 22:56:47.036582; Logical clock: 29 
Send message 2 to port(s) 51460; Queue Size: 0; System Time: 2023-03-06 22:56:47.538780; Logical clock: 30 
Internal event; Queue Size: 0; System Time: 2023-03-06 22:56:48.041818; Logical clock: 31 
Internal event; Queue Size: 0; System Time: 2023-03-06 22:56:48.546323; Logical clock: 32 
Send message 3 to port(s) [51458, 51460]; Queue Size: 0; System Time: 2023-03-06 22:56:49.047656; Logical clock: 33 
Internal event; Queue Size: 0; System Time: 2023-03-06 22:56:49.550577; Logical clock: 34 
Send message 2 to port(s) 51460; Queue Size: 0; System Time: 2023-03-06 22:56:50.052801; Logical clock: 35 
Send message 1 to port(s) 51458; Queue Size: 0; System Time: 2023-03-06 22:56:50.554653; Logical clock: 36 
Internal event; Queue Size: 0; System Time: 2023-03-06 22:56:51.058460; Logical clock: 37 
Internal event; Queue Size: 0; System Time: 2023-03-06 22:56:51.559723; Logical clock: 38 
Received message; Queue Size: 0; System Time: 2023-03-06 22:56:52.062251; Logical clock: 38 
Internal event; Queue Size: 0; System Time: 2023-03-06 22:56:52.562536; Logical clock: 39 
Internal event; Queue Size: 0; System Time: 2023-03-06 22:56:53.064184; Logical clock: 40 
Send message 1 to port(s) 51458; Queue Size: 0; System Time: 2023-03-06 22:56:53.565214; Logical clock: 41 
Internal event; Queue Size: 0; System Time: 2023-03-06 22:56:54.066586; Logical clock: 42 
Send message 2 to port(s) 51460; Queue Size: 0; System Time: 2023-03-06 22:56:54.569685; Logical clock: 43 
Send message 2 to port(s) 51460; Queue Size: 0; System Time: 2023-03-06 22:56:55.074493; Logical clock: 44 
Internal event; Queue Size: 0; System Time: 2023-03-06 22:56:55.575906; Logical clock: 45 
Internal event; Queue Size: 0; System Time: 2023-03-06 22:56:56.080680; Logical clock: 46 
Internal event; Queue Size: 0; System Time: 2023-03-06 22:56:56.583786; Logical clock: 47 
Internal event; Queue Size: 0; System Time: 2023-03-06 22:56:57.087010; Logical clock: 48 
Internal event; Queue Size: 0; System Time: 2023-03-06 22:56:57.591829; Logical clock: 49 
Internal event; Queue Size: 0; System Time: 2023-03-06 22:56:58.092679; Logical clock: 50 
Send message 2 to port(s) 51460; Queue Size: 0; System Time: 2023-03-06 22:56:58.594267; Logical clock: 51 
Internal event; Queue Size: 0; System Time: 2023-03-06 22:56:59.098622; Logical clock: 52 
Internal event; Queue Size: 0; System Time: 2023-03-06 22:56:59.600735; Logical clock: 53 
Internal event; Queue Size: 0; System Time: 2023-03-06 22:57:00.103824; Logical clock: 54 
Internal event; Queue Size: 0; System Time: 2023-03-06 22:57:00.605055; Logical clock: 55 
Received message; Queue Size: 0; System Time: 2023-03-06 22:57:01.105772; Logical clock: 55 
Send message 2 to port(s) 51460; Queue Size: 0; System Time: 2023-03-06 22:57:01.608018; Logical clock: 56 
Received message; Queue Size: 0; System Time: 2023-03-06 22:57:02.112308; Logical clock: 56 
Send message 3 to port(s) [51458, 51460]; Queue Size: 0; System Time: 2023-03-06 22:57:02.615940; Logical clock: 57 
Send message 2 to port(s) 51460; Queue Size: 0; System Time: 2023-03-06 22:57:03.118733; Logical clock: 58 
Internal event; Queue Size: 0; System Time: 2023-03-06 22:57:03.618806; Logical clock: 59 
Send message 2 to port(s) 51460; Queue Size: 0; System Time: 2023-03-06 22:57:04.121777; Logical clock: 60 
Internal event; Queue Size: 0; System Time: 2023-03-06 22:57:04.625677; Logical clock: 61 
Internal event; Queue Size: 0; System Time: 2023-03-06 22:57:05.127250; Logical clock: 62 
Internal event; Queue Size: 0; System Time: 2023-03-06 22:57:05.631872; Logical clock: 63 
Internal event; Queue Size: 0; System Time: 2023-03-06 22:57:06.135438; Logical clock: 64 
Internal event; Queue Size: 0; System Time: 2023-03-06 22:57:06.637320; Logical clock: 65 
Received message; Queue Size: 0; System Time: 2023-03-06 22:57:07.140461; Logical clock: 65 
Internal event; Queue Size: 0; System Time: 2023-03-06 22:57:07.643980; Logical clock: 66 
Send message 2 to port(s) 51460; Queue Size: 0; System Time: 2023-03-06 22:57:08.145476; Logical clock: 67 
Send message 1 to port(s) 51458; Queue Size: 0; System Time: 2023-03-06 22:57:08.647867; Logical clock: 68 
Internal event; Queue Size: 0; System Time: 2023-03-06 22:57:09.150034; Logical clock: 69 
Send message 2 to port(s) 51460; Queue Size: 0; System Time: 2023-03-06 22:57:09.650732; Logical clock: 70 
Internal event; Queue Size: 0; System Time: 2023-03-06 22:57:10.154133; Logical clock: 71 
Internal event; Queue Size: 0; System Time: 2023-03-06 22:57:10.656765; Logical clock: 72 
Send message 2 to port(s) 51460; Queue Size: 0; System Time: 2023-03-06 22:57:11.160127; Logical clock: 73 
Send message 2 to port(s) 51460; Queue Size: 0; System Time: 2023-03-06 22:57:11.661346; Logical clock: 74 
Internal event; Queue Size: 0; System Time: 2023-03-06 22:57:12.166319; Logical clock: 75 
Internal event; Queue Size: 0; System Time: 2023-03-06 22:57:12.669255; Logical clock: 76 
Received message; Queue Size: 0; System Time: 2023-03-06 22:57:13.173126; Logical clock: 76 
Internal event; Queue Size: 0; System Time: 2023-03-06 22:57:13.677276; Logical clock: 77 
Send message 1 to port(s) 51458; Queue Size: 0; System Time: 2023-03-06 22:57:14.180009; Logical clock: 78 
Send message 3 to port(s) [51458, 51460]; Queue Size: 0; System Time: 2023-03-06 22:57:14.683446; Logical clock: 79 
Internal event; Queue Size: 0; System Time: 2023-03-06 22:57:15.186613; Logical clock: 80 
Internal event; Queue Size: 0; System Time: 2023-03-06 22:57:15.687852; Logical clock: 81 
Internal event; Queue Size: 0; System Time: 2023-03-06 22:57:16.192580; Logical clock: 82 
Internal event; Queue Size: 0; System Time: 2023-03-06 22:57:16.696219; Logical clock: 83 
Internal event; Queue Size: 0; System Time: 2023-03-06 22:57:17.199799; Logical clock: 84 
Internal event; Queue Size: 0; System Time: 2023-03-06 22:57:17.704757; Logical clock: 85 
Internal event; Queue Size: 0; System Time: 2023-03-06 22:57:18.204941; Logical clock: 86 
Internal event; Queue Size: 0; System Time: 2023-03-06 22:57:18.706366; Logical clock: 87 
Send message 2 to port(s) 51460; Queue Size: 0; System Time: 2023-03-06 22:57:19.210524; Logical clock: 88 
Send message 2 to port(s) 51460; Queue Size: 0; System Time: 2023-03-06 22:57:19.712435; Logical clock: 89 
Internal event; Queue Size: 0; System Time: 2023-03-06 22:57:20.215903; Logical clock: 90 
Internal event; Queue Size: 0; System Time: 2023-03-06 22:57:20.717325; Logical clock: 91 
Internal event; Queue Size: 0; System Time: 2023-03-06 22:57:21.219760; Logical clock: 92 
Internal event; Queue Size: 0; System Time: 2023-03-06 22:57:21.720593; Logical clock: 93 
Internal event; Queue Size: 0; System Time: 2023-03-06 22:57:22.224337; Logical clock: 94 
Internal event; Queue Size: 0; System Time: 2023-03-06 22:57:22.726001; Logical clock: 95 
Received message; Queue Size: 1; System Time: 2023-03-06 22:57:23.229573; Logical clock: 95 
Received message; Queue Size: 0; System Time: 2023-03-06 22:57:23.730004; Logical clock: 95 
Internal event; Queue Size: 0; System Time: 2023-03-06 22:57:24.231980; Logical clock: 96 
Internal event; Queue Size: 0; System Time: 2023-03-06 22:57:24.733266; Logical clock: 97 
Internal event; Queue Size: 0; System Time: 2023-03-06 22:57:25.234654; Logical clock: 98 
Internal event; Queue Size: 0; System Time: 2023-03-06 22:57:25.738019; Logical clock: 99 
Received message; Queue Size: 0; System Time: 2023-03-06 22:57:26.242662; Logical clock: 99 
Send message 3 to port(s) [51458, 51460]; Queue Size: 0; System Time: 2023-03-06 22:57:26.745366; Logical clock: 100 
Send message 3 to port(s) [51458, 51460]; Queue Size: 0; System Time: 2023-03-06 22:57:27.245525; Logical clock: 101 
Internal event; Queue Size: 0; System Time: 2023-03-06 22:57:27.746541; Logical clock: 102 
Send message 3 to port(s) [51458, 51460]; Queue Size: 0; System Time: 2023-03-06 22:57:28.248187; Logical clock: 103 
Internal event; Queue Size: 0; System Time: 2023-03-06 22:57:28.749451; Logical clock: 104 
Send message 2 to port(s) 51460; Queue Size: 0; System Time: 2023-03-06 22:57:29.254505; Logical clock: 105 
Internal event; Queue Size: 0; System Time: 2023-03-06 22:57:29.758093; Logical clock: 106 
Internal event; Queue Size: 0; System Time: 2023-03-06 22:57:30.258361; Logical clock: 107 
Internal event; Queue Size: 0; System Time: 2023-03-06 22:57:30.762060; Logical clock: 108 
Received message; Queue Size: 0; System Time: 2023-03-06 22:57:31.263764; Logical clock: 108 
Send message 3 to port(s) [51458, 51460]; Queue Size: 0; System Time: 2023-03-06 22:57:31.765638; Logical clock: 109 
Send message 1 to port(s) 51458; Queue Size: 0; System Time: 2023-03-06 22:57:32.269469; Logical clock: 110 
Internal event; Queue Size: 0; System Time: 2023-03-06 22:57:32.770803; Logical clock: 111 
Send message 1 to port(s) 51458; Queue Size: 0; System Time: 2023-03-06 22:57:33.272291; Logical clock: 112 
Internal event; Queue Size: 0; System Time: 2023-03-06 22:57:33.772794; Logical clock: 113 
Internal event; Queue Size: 0; System Time: 2023-03-06 22:57:34.274285; Logical clock: 114 
Internal event; Queue Size: 0; System Time: 2023-03-06 22:57:34.778590; Logical clock: 115 
Send message 3 to port(s) [51458, 51460]; Queue Size: 0; System Time: 2023-03-06 22:57:35.280231; Logical clock: 116 
Send message 2 to port(s) 51460; Queue Size: 0; System Time: 2023-03-06 22:57:35.783300; Logical clock: 117 
Internal event; Queue Size: 0; System Time: 2023-03-06 22:57:36.285454; Logical clock: 118 
Internal event; Queue Size: 0; System Time: 2023-03-06 22:57:36.786281; Logical clock: 119 
Send message 2 to port(s) 51460; Queue Size: 0; System Time: 2023-03-06 22:57:37.288154; Logical clock: 120 
Send message 1 to port(s) 51458; Queue Size: 0; System Time: 2023-03-06 22:57:37.789523; Logical clock: 121 
Internal event; Queue Size: 0; System Time: 2023-03-06 22:57:38.292334; Logical clock: 122 
Send message 2 to port(s) 51460; Queue Size: 0; System Time: 2023-03-06 22:57:38.793894; Logical clock: 123 
Internal event; Queue Size: 0; System Time: 2023-03-06 22:57:39.293968; Logical clock: 124 
Internal event; Queue Size: 0; System Time: 2023-03-06 22:57:39.797595; Logical clock: 125 
