Log for machine 1 with rate 2 
Internal event; System Time: 2023-03-05 14:31:40.593912; Logical clock: 1 
Received message; System Time: 2023-03-05 14:31:41.094466; Logical clock: 3 
Internal event; System Time: 2023-03-05 14:31:41.594658; Logical clock: 4 
Internal event; System Time: 2023-03-05 14:31:42.095207; Logical clock: 5 
Received message; System Time: 2023-03-05 14:31:42.595751; Logical clock: 8 
Send message 2 to port(s) 49924; System Time: 2023-03-05 14:31:43.096382; Logical clock: 9 
Received message; System Time: 2023-03-05 14:31:43.596845; Logical clock: 13 
Received message; System Time: 2023-03-05 14:31:44.097393; Logical clock: 16 
Internal event; System Time: 2023-03-05 14:31:44.597952; Logical clock: 17 
Internal event; System Time: 2023-03-05 14:31:45.098505; Logical clock: 18 
Received message; System Time: 2023-03-05 14:31:45.599054; Logical clock: 22 
Received message; System Time: 2023-03-05 14:31:46.099602; Logical clock: 24 
Internal event; System Time: 2023-03-05 14:31:46.600165; Logical clock: 25 
Received message; System Time: 2023-03-05 14:31:47.100707; Logical clock: 29 
Received message; System Time: 2023-03-05 14:31:47.601256; Logical clock: 30 
Received message; System Time: 2023-03-05 14:31:48.101807; Logical clock: 31 
Received message; System Time: 2023-03-05 14:31:48.602355; Logical clock: 32 
Received message; System Time: 2023-03-05 14:31:49.102912; Logical clock: 33 
Received message; System Time: 2023-03-05 14:31:49.603461; Logical clock: 35 
Received message; System Time: 2023-03-05 14:31:50.104014; Logical clock: 37 
Received message; System Time: 2023-03-05 14:31:50.604172; Logical clock: 39 
Received message; System Time: 2023-03-05 14:31:51.104717; Logical clock: 47 
Internal event; System Time: 2023-03-05 14:31:51.605270; Logical clock: 48 
Internal event; System Time: 2023-03-05 14:31:52.105817; Logical clock: 49 
Internal event; System Time: 2023-03-05 14:31:52.606370; Logical clock: 50 
Received message; System Time: 2023-03-05 14:31:53.106916; Logical clock: 55 
Internal event; System Time: 2023-03-05 14:31:53.607467; Logical clock: 56 
Internal event; System Time: 2023-03-05 14:31:54.107999; Logical clock: 57 
Received message; System Time: 2023-03-05 14:31:54.608155; Logical clock: 61 
Received message; System Time: 2023-03-05 14:31:55.108692; Logical clock: 61 
Received message; System Time: 2023-03-05 14:31:55.609254; Logical clock: 65 
Received message; System Time: 2023-03-05 14:31:56.109779; Logical clock: 68 
Received message; System Time: 2023-03-05 14:31:56.610323; Logical clock: 69 
Received message; System Time: 2023-03-05 14:31:57.110877; Logical clock: 70 
Received message; System Time: 2023-03-05 14:31:57.611435; Logical clock: 70 
Received message; System Time: 2023-03-05 14:31:58.111986; Logical clock: 71 
Received message; System Time: 2023-03-05 14:31:58.612543; Logical clock: 73 
Received message; System Time: 2023-03-05 14:31:59.113086; Logical clock: 78 
Received message; System Time: 2023-03-05 14:31:59.613644; Logical clock: 79 
Received message; System Time: 2023-03-05 14:32:00.114186; Logical clock: 80 
Received message; System Time: 2023-03-05 14:32:00.614743; Logical clock: 87 
Received message; System Time: 2023-03-05 14:32:01.115289; Logical clock: 91 
Send message 2 to port(s) 49924; System Time: 2023-03-05 14:32:01.615916; Logical clock: 92 
Internal event; System Time: 2023-03-05 14:32:02.116158; Logical clock: 93 
Received message; System Time: 2023-03-05 14:32:02.616714; Logical clock: 98 
Received message; System Time: 2023-03-05 14:32:03.117272; Logical clock: 99 
Received message; System Time: 2023-03-05 14:32:03.617821; Logical clock: 100 
Received message; System Time: 2023-03-05 14:32:04.118368; Logical clock: 101 
Received message; System Time: 2023-03-05 14:32:04.618927; Logical clock: 107 
Received message; System Time: 2023-03-05 14:32:05.119472; Logical clock: 112 
Received message; System Time: 2023-03-05 14:32:05.620027; Logical clock: 113 
Received message; System Time: 2023-03-05 14:32:06.120166; Logical clock: 114 
Received message; System Time: 2023-03-05 14:32:06.620720; Logical clock: 116 
Internal event; System Time: 2023-03-05 14:32:07.121270; Logical clock: 117 
Received message; System Time: 2023-03-05 14:32:07.621824; Logical clock: 122 
Internal event; System Time: 2023-03-05 14:32:08.122090; Logical clock: 123 
Internal event; System Time: 2023-03-05 14:32:08.622640; Logical clock: 124 
Received message; System Time: 2023-03-05 14:32:09.123189; Logical clock: 126 
Received message; System Time: 2023-03-05 14:32:09.623245; Logical clock: 128 
Received message; System Time: 2023-03-05 14:32:10.123796; Logical clock: 129 
Received message; System Time: 2023-03-05 14:32:10.624171; Logical clock: 136 
Received message; System Time: 2023-03-05 14:32:11.124702; Logical clock: 138 
Send message 3 to port(s) <map object at 0x7f0491a606d0>; System Time: 2023-03-05 14:32:11.625317; Logical clock: 139 
Internal event; System Time: 2023-03-05 14:32:12.125806; Logical clock: 140 
Internal event; System Time: 2023-03-05 14:32:12.626357; Logical clock: 141 
Received message; System Time: 2023-03-05 14:32:13.126904; Logical clock: 142 
Received message; System Time: 2023-03-05 14:32:13.627457; Logical clock: 147 
